============================================================
Time  2017/03/30 20:49:30 838 
============================================================
[2017/03/30 20:49:30 838] isr        1659 isr loaded!  
[2017/03/30 20:49:30 838] isr        1642 SYS_MSG_REGCB param0 =   msp_status_cb  param1 =   func(9402cad0) 
[2017/03/30 20:49:30 838] isr        1537 ASR_MSG_SSB  
[2017/03/30 20:49:30 838] isr        1066 session_begin() [in], params:   sub = iat, domain = iat, language = zh_cn, accent = mandarin, sample_rate = 16000, result_type = plain, result_encoding = utf8  nil  
[2017/03/30 20:49:30 839] isr        927  vad_set [in]  
[2017/03/30 20:49:30 839] isr        962  vad_enable :  true  
[2017/03/30 20:49:30 839] isr        980  vad_bos :  10000  
[2017/03/30 20:49:30 839] isr        981  vad_eos :  2000  
[2017/03/30 20:49:30 839] isr        886  enable_vad [in]  
[2017/03/30 20:49:30 839] isr        918  vad enabled!  2000  10000  
[2017/03/30 20:49:30 839] isr        921  enable_vad [out]  
[2017/03/30 20:49:30 839] isr        987  vad_set [out] | ret =  0  
[2017/03/30 20:49:30 839] isr        1187 cur_engine_type =   cloud  
[2017/03/30 20:49:30 839] isr        1001 cloud_session_begin  
[2017/03/30 20:49:30 839] isr        1013 standard  
[2017/03/30 20:49:30 841] isr        1547 ASR_MSG_AUW,   cloud  
[2017/03/30 20:49:30 841] isr        1559 6400  1  
[2017/03/30 20:49:30 841] isr        1569 once_bytes:   6400  
[2017/03/30 20:49:30 843] isr        851  [aud] speech start  
[2017/03/30 20:49:30 843] isr        798  1  msc  
[2017/03/30 20:49:31 041] isr        1547 ASR_MSG_AUW,   cloud  
[2017/03/30 20:49:31 041] isr        1559 6400  2  
[2017/03/30 20:49:31 149] isr        700  cloud_status_cb, eps:  1  
[2017/03/30 20:49:31 149] isr        798  1  cloud  
[2017/03/30 20:49:31 149] isr        813  cloud eps ignored  
[2017/03/30 20:49:31 241] isr        1547 ASR_MSG_AUW,   cloud  
[2017/03/30 20:49:31 241] isr        1559 6400  2  
[2017/03/30 20:49:31 442] isr        1547 ASR_MSG_AUW,   cloud  
[2017/03/30 20:49:31 442] isr        1559 6400  2  
[2017/03/30 20:49:31 642] isr        1547 ASR_MSG_AUW,   cloud  
[2017/03/30 20:49:31 642] isr        1559 6400  2  
[2017/03/30 20:49:31 842] isr        1547 ASR_MSG_AUW,   cloud  
[2017/03/30 20:49:31 842] isr        1559 6400  2  
[2017/03/30 20:49:32 042] isr        1547 ASR_MSG_AUW,   cloud  
[2017/03/30 20:49:32 043] isr        1559 6400  2  
[2017/03/30 20:49:32 243] isr        1547 ASR_MSG_AUW,   cloud  
[2017/03/30 20:49:32 243] isr        1559 6400  2  
[2017/03/30 20:49:32 443] isr        1547 ASR_MSG_AUW,   cloud  
[2017/03/30 20:49:32 443] isr        1559 6400  2  
[2017/03/30 20:49:32 643] isr        1547 ASR_MSG_AUW,   cloud  
[2017/03/30 20:49:32 643] isr        1559 6400  2  
[2017/03/30 20:49:32 843] isr        1547 ASR_MSG_AUW,   cloud  
[2017/03/30 20:49:32 843] isr        1559 6400  2  
[2017/03/30 20:49:33 044] isr        1547 ASR_MSG_AUW,   cloud  
[2017/03/30 20:49:33 044] isr        1559 6400  2  
[2017/03/30 20:49:33 244] isr        1547 ASR_MSG_AUW,   cloud  
[2017/03/30 20:49:33 244] isr        1559 6400  2  
[2017/03/30 20:49:33 444] isr        1547 ASR_MSG_AUW,   cloud  
[2017/03/30 20:49:33 444] isr        1559 6400  2  
[2017/03/30 20:49:33 645] isr        1547 ASR_MSG_AUW,   cloud  
[2017/03/30 20:49:33 645] isr        1559 6400  2  
[2017/03/30 20:49:33 845] isr        1547 ASR_MSG_AUW,   cloud  
[2017/03/30 20:49:33 845] isr        1559 6400  2  
[2017/03/30 20:49:34 045] isr        1547 ASR_MSG_AUW,   cloud  
[2017/03/30 20:49:34 045] isr        1559 6400  2  
[2017/03/30 20:49:34 245] isr        1547 ASR_MSG_AUW,   cloud  
[2017/03/30 20:49:34 245] isr        1559 6400  2  
[2017/03/30 20:49:34 446] isr        1547 ASR_MSG_AUW,   cloud  
[2017/03/30 20:49:34 446] isr        1559 6400  2  
[2017/03/30 20:49:34 646] isr        1547 ASR_MSG_AUW,   cloud  
[2017/03/30 20:49:34 646] isr        1559 6400  2  
[2017/03/30 20:49:34 846] isr        1547 ASR_MSG_AUW,   cloud  
[2017/03/30 20:49:34 846] isr        1559 6400  2  
[2017/03/30 20:49:35 047] isr        1547 ASR_MSG_AUW,   cloud  
[2017/03/30 20:49:35 047] isr        1559 6400  2  
[2017/03/30 20:49:35 247] isr        1547 ASR_MSG_AUW,   cloud  
[2017/03/30 20:49:35 247] isr        1559 7420  2  
[2017/03/30 20:49:35 448] isr        1547 ASR_MSG_AUW,   cloud  
[2017/03/30 20:49:35 448] isr        1559 0  4  
[2017/03/30 20:49:35 448] isr        1592 aud end, USER  
[2017/03/30 20:49:35 449] isr        854  [aud] speech end  
[2017/03/30 20:49:35 449] isr        798  3  msc  
[2017/03/30 20:49:35 449] isr        1636 ASR_MSG_GRSLT,   cloud  
[2017/03/30 20:49:35 449] isr        1335 0  nil  2  
[2017/03/30 20:49:35 600] isr        1636 ASR_MSG_GRSLT,   cloud  
[2017/03/30 20:49:35 600] isr        1335 0  nil  2  
[2017/03/30 20:49:35 750] isr        1636 ASR_MSG_GRSLT,   cloud  
[2017/03/30 20:49:35 750] isr        1335 0  nil  2  
[2017/03/30 20:49:35 901] isr        1636 ASR_MSG_GRSLT,   cloud  
[2017/03/30 20:49:35 901] isr        1335 0  nil  2  
[2017/03/30 20:49:36 051] isr        1636 ASR_MSG_GRSLT,   cloud  
[2017/03/30 20:49:36 051] isr        1335 0  nil  2  
[2017/03/30 20:49:36 202] isr        1636 ASR_MSG_GRSLT,   cloud  
[2017/03/30 20:49:36 202] isr        1335 0  nil  2  
[2017/03/30 20:49:36 261] isr        662  cloud_rslt_cb status =   0  
[2017/03/30 20:49:36 261] isr        641  process_result call:  cloud  udata(94036cc8) 0  nil  
[2017/03/30 20:49:36 282] isr        700  cloud_status_cb, eps:  3  
[2017/03/30 20:49:36 282] isr        798  3  cloud  
[2017/03/30 20:49:36 283] isr        800  already speech end  
[2017/03/30 20:49:36 284] isr        662  cloud_rslt_cb status =   5  
[2017/03/30 20:49:36 284] isr        641  process_result call:  cloud  udata(94036998) 5  nil  
[2017/03/30 20:49:36 284] isr        798  3  msc  
[2017/03/30 20:49:36 284] isr        800  already speech end  
[2017/03/30 20:49:36 352] isr        1636 ASR_MSG_GRSLT,   cloud  
[2017/03/30 20:49:36 352] isr        1335 0  udata(94036cc8) 0  
[2017/03/30 20:49:36 503] isr        1636 ASR_MSG_GRSLT,   cloud  
[2017/03/30 20:49:36 503] isr        1335 0  udata(94036998) 5  
[2017/03/30 20:49:36 653] isr        1639 ASR_MSG_SSE,   cloud  
[2017/03/30 20:49:36 653] isr        1356 session_end() [in]  
[2017/03/30 20:49:36 653] isr        1421 cloud_session_end() [in]  
[2017/03/30 20:49:36 654] isr        1488 ns_host=  open.xf-yun.com  
[2017/03/30 20:49:36 654] isr        1498 tick()mod=  920699  
[2017/03/30 20:49:36 654] isr        1499 tick()=  920699  
[2017/03/30 20:49:36 654] isr        1501 diff=  5598  
[2017/03/30 20:49:36 655] isr        1514 cloud_session_end() [out]  
[2017/03/30 20:49:36 655] isr        1667 isr unload!  
============================================================
Time  2017/03/30 20:49:56 542 
============================================================
[2017/03/30 20:49:56 542] isr        1659 isr loaded!  
[2017/03/30 20:49:56 542] isr        1642 SYS_MSG_REGCB param0 =   msp_status_cb  param1 =   func(c02caf0) 
[2017/03/30 20:49:56 542] isr        1537 ASR_MSG_SSB  
[2017/03/30 20:49:56 542] isr        1066 session_begin() [in], params:   sub = iat, domain = iat, language = zh_cn, accent = mandarin, sample_rate = 16000, result_type = plain, result_encoding = utf8  nil  
[2017/03/30 20:49:56 542] isr        927  vad_set [in]  
[2017/03/30 20:49:56 542] isr        962  vad_enable :  true  
[2017/03/30 20:49:56 542] isr        980  vad_bos :  10000  
[2017/03/30 20:49:56 542] isr        981  vad_eos :  2000  
[2017/03/30 20:49:56 543] isr        886  enable_vad [in]  
[2017/03/30 20:49:56 543] isr        918  vad enabled!  2000  10000  
[2017/03/30 20:49:56 543] isr        921  enable_vad [out]  
[2017/03/30 20:49:56 543] isr        987  vad_set [out] | ret =  0  
[2017/03/30 20:49:56 543] isr        1187 cur_engine_type =   cloud  
[2017/03/30 20:49:56 543] isr        1001 cloud_session_begin  
[2017/03/30 20:49:56 543] isr        1013 standard  
[2017/03/30 20:49:56 544] isr        1547 ASR_MSG_AUW,   cloud  
[2017/03/30 20:49:56 544] isr        1559 6400  1  
[2017/03/30 20:49:56 544] isr        1569 once_bytes:   6400  
[2017/03/30 20:49:56 545] isr        851  [aud] speech start  
[2017/03/30 20:49:56 545] isr        798  1  msc  
[2017/03/30 20:49:56 744] isr        1547 ASR_MSG_AUW,   cloud  
[2017/03/30 20:49:56 744] isr        1559 6400  2  
[2017/03/30 20:49:56 824] isr        700  cloud_status_cb, eps:  1  
[2017/03/30 20:49:56 824] isr        798  1  cloud  
[2017/03/30 20:49:56 824] isr        813  cloud eps ignored  
[2017/03/30 20:49:56 945] isr        1547 ASR_MSG_AUW,   cloud  
[2017/03/30 20:49:56 945] isr        1559 6400  2  
[2017/03/30 20:49:57 145] isr        1547 ASR_MSG_AUW,   cloud  
[2017/03/30 20:49:57 145] isr        1559 6400  2  
[2017/03/30 20:49:57 345] isr        1547 ASR_MSG_AUW,   cloud  
[2017/03/30 20:49:57 345] isr        1559 6400  2  
[2017/03/30 20:49:57 546] isr        1547 ASR_MSG_AUW,   cloud  
[2017/03/30 20:49:57 546] isr        1559 6400  2  
[2017/03/30 20:49:57 746] isr        1547 ASR_MSG_AUW,   cloud  
[2017/03/30 20:49:57 746] isr        1559 6400  2  
[2017/03/30 20:49:57 946] isr        1547 ASR_MSG_AUW,   cloud  
[2017/03/30 20:49:57 946] isr        1559 6400  2  
[2017/03/30 20:49:58 147] isr        1547 ASR_MSG_AUW,   cloud  
[2017/03/30 20:49:58 147] isr        1559 6400  2  
[2017/03/30 20:49:58 347] isr        1547 ASR_MSG_AUW,   cloud  
[2017/03/30 20:49:58 347] isr        1559 6400  2  
[2017/03/30 20:49:58 547] isr        1547 ASR_MSG_AUW,   cloud  
[2017/03/30 20:49:58 547] isr        1559 6400  2  
[2017/03/30 20:49:58 747] isr        1547 ASR_MSG_AUW,   cloud  
[2017/03/30 20:49:58 747] isr        1559 6400  2  
[2017/03/30 20:49:58 948] isr        1547 ASR_MSG_AUW,   cloud  
[2017/03/30 20:49:58 948] isr        1559 6400  2  
[2017/03/30 20:49:59 148] isr        1547 ASR_MSG_AUW,   cloud  
[2017/03/30 20:49:59 148] isr        1559 6400  2  
[2017/03/30 20:49:59 349] isr        1547 ASR_MSG_AUW,   cloud  
[2017/03/30 20:49:59 349] isr        1559 6400  2  
[2017/03/30 20:49:59 549] isr        1547 ASR_MSG_AUW,   cloud  
[2017/03/30 20:49:59 549] isr        1559 6400  2  
[2017/03/30 20:49:59 749] isr        1547 ASR_MSG_AUW,   cloud  
[2017/03/30 20:49:59 749] isr        1559 6400  2  
[2017/03/30 20:49:59 949] isr        1547 ASR_MSG_AUW,   cloud  
[2017/03/30 20:49:59 950] isr        1559 6400  2  
[2017/03/30 20:50:00 150] isr        1547 ASR_MSG_AUW,   cloud  
[2017/03/30 20:50:00 150] isr        1559 6400  2  
[2017/03/30 20:50:00 351] isr        1547 ASR_MSG_AUW,   cloud  
[2017/03/30 20:50:00 351] isr        1559 6400  2  
[2017/03/30 20:50:00 551] isr        1547 ASR_MSG_AUW,   cloud  
[2017/03/30 20:50:00 551] isr        1559 6400  2  
[2017/03/30 20:50:00 751] isr        1547 ASR_MSG_AUW,   cloud  
[2017/03/30 20:50:00 751] isr        1559 6400  2  
[2017/03/30 20:50:00 952] isr        1547 ASR_MSG_AUW,   cloud  
[2017/03/30 20:50:00 952] isr        1559 7420  2  
[2017/03/30 20:50:01 139] isr        662  cloud_rslt_cb status =   0  
[2017/03/30 20:50:01 139] isr        641  process_result call:  cloud  udata(c032d28) 0  nil  
[2017/03/30 20:50:01 152] isr        1547 ASR_MSG_AUW,   cloud  
[2017/03/30 20:50:01 152] isr        1559 0  4  
[2017/03/30 20:50:01 152] isr        1592 aud end, USER  
[2017/03/30 20:50:01 153] isr        854  [aud] speech end  
[2017/03/30 20:50:01 153] isr        798  3  msc  
[2017/03/30 20:50:01 153] isr        1636 ASR_MSG_GRSLT,   cloud  
[2017/03/30 20:50:01 153] isr        1335 0  udata(c032d28) 0  
[2017/03/30 20:50:01 303] isr        1636 ASR_MSG_GRSLT,   cloud  
[2017/03/30 20:50:01 303] isr        1335 0  nil  2  
[2017/03/30 20:50:01 454] isr        1636 ASR_MSG_GRSLT,   cloud  
[2017/03/30 20:50:01 454] isr        1335 0  nil  2  
[2017/03/30 20:50:01 604] isr        1636 ASR_MSG_GRSLT,   cloud  
[2017/03/30 20:50:01 604] isr        1335 0  nil  2  
[2017/03/30 20:50:01 755] isr        1636 ASR_MSG_GRSLT,   cloud  
[2017/03/30 20:50:01 755] isr        1335 0  nil  2  
[2017/03/30 20:50:01 905] isr        1636 ASR_MSG_GRSLT,   cloud  
[2017/03/30 20:50:01 905] isr        1335 0  nil  2  
[2017/03/30 20:50:02 056] isr        1636 ASR_MSG_GRSLT,   cloud  
[2017/03/30 20:50:02 056] isr        1335 0  nil  2  
[2017/03/30 20:50:02 206] isr        1636 ASR_MSG_GRSLT,   cloud  
[2017/03/30 20:50:02 206] isr        1335 0  nil  2  
[2017/03/30 20:50:02 356] isr        1636 ASR_MSG_GRSLT,   cloud  
[2017/03/30 20:50:02 356] isr        1335 0  nil  2  
[2017/03/30 20:50:02 507] isr        1636 ASR_MSG_GRSLT,   cloud  
[2017/03/30 20:50:02 507] isr        1335 0  nil  2  
[2017/03/30 20:50:02 657] isr        1636 ASR_MSG_GRSLT,   cloud  
[2017/03/30 20:50:02 657] isr        1335 0  nil  2  
[2017/03/30 20:50:02 808] isr        1636 ASR_MSG_GRSLT,   cloud  
[2017/03/30 20:50:02 808] isr        1335 0  nil  2  
[2017/03/30 20:50:02 958] isr        1636 ASR_MSG_GRSLT,   cloud  
[2017/03/30 20:50:02 958] isr        1335 0  nil  2  
[2017/03/30 20:50:02 967] isr        700  cloud_status_cb, eps:  3  
[2017/03/30 20:50:02 967] isr        798  3  cloud  
[2017/03/30 20:50:02 967] isr        800  already speech end  
[2017/03/30 20:50:02 968] isr        662  cloud_rslt_cb status =   5  
[2017/03/30 20:50:02 968] isr        641  process_result call:  cloud  udata(c033078) 5  nil  
[2017/03/30 20:50:02 968] isr        798  3  msc  
[2017/03/30 20:50:02 968] isr        800  already speech end  
[2017/03/30 20:50:03 108] isr        1636 ASR_MSG_GRSLT,   cloud  
[2017/03/30 20:50:03 108] isr        1335 0  udata(c033078) 5  
[2017/03/30 20:50:03 259] isr        1639 ASR_MSG_SSE,   cloud  
[2017/03/30 20:50:03 259] isr        1356 session_end() [in]  
[2017/03/30 20:50:03 259] isr        1421 cloud_session_end() [in]  
[2017/03/30 20:50:03 260] isr        1488 ns_host=  open.xf-yun.com  
[2017/03/30 20:50:03 260] isr        1498 tick()mod=  947305  
[2017/03/30 20:50:03 260] isr        1499 tick()=  947305  
[2017/03/30 20:50:03 260] isr        1501 diff=  6519  
[2017/03/30 20:50:03 260] isr        1514 cloud_session_end() [out]  
[2017/03/30 20:50:03 260] isr        1667 isr unload!  
============================================================
Time  2017/03/30 20:59:49 222 
============================================================
[2017/03/30 20:59:49 222] isr        1659 isr loaded!  
[2017/03/30 20:59:49 222] isr        1642 SYS_MSG_REGCB param0 =   msp_status_cb  param1 =   func(ac009800) 
[2017/03/30 20:59:49 222] isr        1537 ASR_MSG_SSB  
[2017/03/30 20:59:49 222] isr        1066 session_begin() [in], params:   sub = iat, domain = iat, language = zh_cn, accent = mandarin, sample_rate = 16000, result_type = plain, result_encoding = utf8  nil  
[2017/03/30 20:59:49 222] isr        927  vad_set [in]  
[2017/03/30 20:59:49 222] isr        962  vad_enable :  true  
[2017/03/30 20:59:49 222] isr        980  vad_bos :  10000  
[2017/03/30 20:59:49 222] isr        981  vad_eos :  2000  
[2017/03/30 20:59:49 222] isr        886  enable_vad [in]  
[2017/03/30 20:59:49 223] isr        918  vad enabled!  2000  10000  
[2017/03/30 20:59:49 223] isr        921  enable_vad [out]  
[2017/03/30 20:59:49 223] isr        987  vad_set [out] | ret =  0  
[2017/03/30 20:59:49 223] isr        1187 cur_engine_type =   cloud  
[2017/03/30 20:59:49 223] isr        1001 cloud_session_begin  
[2017/03/30 20:59:49 223] isr        1013 standard  
[2017/03/30 20:59:49 224] isr        1547 ASR_MSG_AUW,   cloud  
[2017/03/30 20:59:49 224] isr        1559 6400  1  
[2017/03/30 20:59:49 224] isr        1569 once_bytes:   6400  
[2017/03/30 20:59:49 229] isr        851  [aud] speech start  
[2017/03/30 20:59:49 229] isr        798  1  msc  
[2017/03/30 20:59:49 424] isr        1547 ASR_MSG_AUW,   cloud  
[2017/03/30 20:59:49 424] isr        1559 6400  2  
[2017/03/30 20:59:49 499] isr        700  cloud_status_cb, eps:  1  
[2017/03/30 20:59:49 499] isr        798  1  cloud  
[2017/03/30 20:59:49 499] isr        813  cloud eps ignored  
[2017/03/30 20:59:49 625] isr        1547 ASR_MSG_AUW,   cloud  
[2017/03/30 20:59:49 625] isr        1559 6400  2  
[2017/03/30 20:59:49 825] isr        1547 ASR_MSG_AUW,   cloud  
[2017/03/30 20:59:49 825] isr        1559 6400  2  
[2017/03/30 20:59:50 025] isr        1547 ASR_MSG_AUW,   cloud  
[2017/03/30 20:59:50 025] isr        1559 6400  2  
[2017/03/30 20:59:50 226] isr        1547 ASR_MSG_AUW,   cloud  
[2017/03/30 20:59:50 226] isr        1559 6400  2  
[2017/03/30 20:59:50 426] isr        1547 ASR_MSG_AUW,   cloud  
[2017/03/30 20:59:50 426] isr        1559 6400  2  
[2017/03/30 20:59:50 626] isr        1547 ASR_MSG_AUW,   cloud  
[2017/03/30 20:59:50 626] isr        1559 6400  2  
[2017/03/30 20:59:50 827] isr        1547 ASR_MSG_AUW,   cloud  
[2017/03/30 20:59:50 827] isr        1559 6400  2  
[2017/03/30 20:59:51 027] isr        1547 ASR_MSG_AUW,   cloud  
[2017/03/30 20:59:51 027] isr        1559 6400  2  
[2017/03/30 20:59:51 227] isr        1547 ASR_MSG_AUW,   cloud  
[2017/03/30 20:59:51 227] isr        1559 6400  2  
[2017/03/30 20:59:51 428] isr        1547 ASR_MSG_AUW,   cloud  
[2017/03/30 20:59:51 428] isr        1559 6400  2  
[2017/03/30 20:59:51 628] isr        1547 ASR_MSG_AUW,   cloud  
[2017/03/30 20:59:51 628] isr        1559 6400  2  
[2017/03/30 20:59:51 828] isr        1547 ASR_MSG_AUW,   cloud  
[2017/03/30 20:59:51 828] isr        1559 6400  2  
[2017/03/30 20:59:52 029] isr        1547 ASR_MSG_AUW,   cloud  
[2017/03/30 20:59:52 029] isr        1559 6400  2  
[2017/03/30 20:59:52 229] isr        1547 ASR_MSG_AUW,   cloud  
[2017/03/30 20:59:52 229] isr        1559 6400  2  
[2017/03/30 20:59:52 429] isr        1547 ASR_MSG_AUW,   cloud  
[2017/03/30 20:59:52 429] isr        1559 6400  2  
[2017/03/30 20:59:52 629] isr        1547 ASR_MSG_AUW,   cloud  
[2017/03/30 20:59:52 629] isr        1559 6400  2  
[2017/03/30 20:59:52 830] isr        1547 ASR_MSG_AUW,   cloud  
[2017/03/30 20:59:52 830] isr        1559 6400  2  
[2017/03/30 20:59:53 030] isr        1547 ASR_MSG_AUW,   cloud  
[2017/03/30 20:59:53 030] isr        1559 6400  2  
[2017/03/30 20:59:53 230] isr        1547 ASR_MSG_AUW,   cloud  
[2017/03/30 20:59:53 230] isr        1559 6400  2  
[2017/03/30 20:59:53 430] isr        1547 ASR_MSG_AUW,   cloud  
[2017/03/30 20:59:53 430] isr        1559 6400  2  
[2017/03/30 20:59:53 512] isr        662  cloud_rslt_cb status =   0  
[2017/03/30 20:59:53 512] isr        641  process_result call:  cloud  udata(ac066998) 0  nil  
[2017/03/30 20:59:53 631] isr        1547 ASR_MSG_AUW,   cloud  
[2017/03/30 20:59:53 631] isr        1559 7420  2  
[2017/03/30 20:59:53 831] isr        1547 ASR_MSG_AUW,   cloud  
[2017/03/30 20:59:53 831] isr        1559 0  4  
[2017/03/30 20:59:53 831] isr        1592 aud end, USER  
[2017/03/30 20:59:53 831] isr        854  [aud] speech end  
[2017/03/30 20:59:53 831] isr        798  3  msc  
[2017/03/30 20:59:53 832] isr        1636 ASR_MSG_GRSLT,   cloud  
[2017/03/30 20:59:53 832] isr        1335 0  udata(ac066998) 0  
[2017/03/30 20:59:53 982] isr        1636 ASR_MSG_GRSLT,   cloud  
[2017/03/30 20:59:53 982] isr        1335 0  nil  2  
[2017/03/30 20:59:54 132] isr        1636 ASR_MSG_GRSLT,   cloud  
[2017/03/30 20:59:54 132] isr        1335 0  nil  2  
[2017/03/30 20:59:54 283] isr        1636 ASR_MSG_GRSLT,   cloud  
[2017/03/30 20:59:54 283] isr        1335 0  nil  2  
[2017/03/30 20:59:54 371] isr        700  cloud_status_cb, eps:  3  
[2017/03/30 20:59:54 371] isr        798  3  cloud  
[2017/03/30 20:59:54 371] isr        800  already speech end  
[2017/03/30 20:59:54 372] isr        662  cloud_rslt_cb status =   5  
[2017/03/30 20:59:54 373] isr        641  process_result call:  cloud  udata(ac01f548) 5  nil  
[2017/03/30 20:59:54 373] isr        798  3  msc  
[2017/03/30 20:59:54 373] isr        800  already speech end  
[2017/03/30 20:59:54 434] isr        1636 ASR_MSG_GRSLT,   cloud  
[2017/03/30 20:59:54 434] isr        1335 0  udata(ac01f548) 5  
[2017/03/30 20:59:54 584] isr        1639 ASR_MSG_SSE,   cloud  
[2017/03/30 20:59:54 584] isr        1356 session_end() [in]  
[2017/03/30 20:59:54 584] isr        1421 cloud_session_end() [in]  
[2017/03/30 20:59:54 585] isr        1488 ns_host=  open.xf-yun.com  
[2017/03/30 20:59:54 585] isr        1498 tick()mod=  1538630  
[2017/03/30 20:59:54 586] isr        1499 tick()=  1538630  
[2017/03/30 20:59:54 586] isr        1501 diff=  5206  
[2017/03/30 20:59:54 586] isr        1514 cloud_session_end() [out]  
[2017/03/30 20:59:54 586] isr        1667 isr unload!  
============================================================
Time  2017/03/30 22:08:33 799 
============================================================
[2017/03/30 22:08:33 799] isr        1659 isr loaded!  
[2017/03/30 22:08:33 799] isr        1642 SYS_MSG_REGCB param0 =   msp_status_cb  param1 =   func(2c02cad0) 
[2017/03/30 22:08:33 799] isr        1537 ASR_MSG_SSB  
[2017/03/30 22:08:33 799] isr        1066 session_begin() [in], params:   sub = iat, domain = iat, language = zh_cn, accent = mandarin, sample_rate = 16000, result_type = plain, result_encoding = utf8  nil  
[2017/03/30 22:08:33 799] isr        927  vad_set [in]  
[2017/03/30 22:08:33 799] isr        962  vad_enable :  true  
[2017/03/30 22:08:33 799] isr        980  vad_bos :  10000  
[2017/03/30 22:08:33 799] isr        981  vad_eos :  2000  
[2017/03/30 22:08:33 799] isr        886  enable_vad [in]  
[2017/03/30 22:08:33 800] isr        918  vad enabled!  2000  10000  
[2017/03/30 22:08:33 800] isr        921  enable_vad [out]  
[2017/03/30 22:08:33 800] isr        987  vad_set [out] | ret =  0  
[2017/03/30 22:08:33 800] isr        1187 cur_engine_type =   cloud  
[2017/03/30 22:08:33 800] isr        1001 cloud_session_begin  
[2017/03/30 22:08:33 800] isr        1013 standard  
[2017/03/30 22:08:33 802] isr        1547 ASR_MSG_AUW,   cloud  
[2017/03/30 22:08:33 802] isr        1559 6400  1  
[2017/03/30 22:08:33 803] isr        1569 once_bytes:   6400  
[2017/03/30 22:08:33 806] isr        851  [aud] speech start  
[2017/03/30 22:08:33 806] isr        798  1  msc  
[2017/03/30 22:08:34 003] isr        1547 ASR_MSG_AUW,   cloud  
[2017/03/30 22:08:34 003] isr        1559 6400  2  
[2017/03/30 22:08:34 083] isr        700  cloud_status_cb, eps:  1  
[2017/03/30 22:08:34 083] isr        798  1  cloud  
[2017/03/30 22:08:34 083] isr        813  cloud eps ignored  
[2017/03/30 22:08:34 203] isr        1547 ASR_MSG_AUW,   cloud  
[2017/03/30 22:08:34 203] isr        1559 6400  2  
[2017/03/30 22:08:34 404] isr        1547 ASR_MSG_AUW,   cloud  
[2017/03/30 22:08:34 404] isr        1559 6400  2  
[2017/03/30 22:08:34 604] isr        1547 ASR_MSG_AUW,   cloud  
[2017/03/30 22:08:34 604] isr        1559 6400  2  
[2017/03/30 22:08:34 805] isr        1547 ASR_MSG_AUW,   cloud  
[2017/03/30 22:08:34 805] isr        1559 6400  2  
[2017/03/30 22:08:35 005] isr        1547 ASR_MSG_AUW,   cloud  
[2017/03/30 22:08:35 005] isr        1559 6400  2  
[2017/03/30 22:08:35 205] isr        1547 ASR_MSG_AUW,   cloud  
[2017/03/30 22:08:35 205] isr        1559 6400  2  
[2017/03/30 22:08:35 405] isr        1547 ASR_MSG_AUW,   cloud  
[2017/03/30 22:08:35 405] isr        1559 6400  2  
[2017/03/30 22:08:35 606] isr        1547 ASR_MSG_AUW,   cloud  
[2017/03/30 22:08:35 606] isr        1559 6400  2  
[2017/03/30 22:08:35 806] isr        1547 ASR_MSG_AUW,   cloud  
[2017/03/30 22:08:35 806] isr        1559 6400  2  
[2017/03/30 22:08:36 007] isr        1547 ASR_MSG_AUW,   cloud  
[2017/03/30 22:08:36 007] isr        1559 6400  2  
[2017/03/30 22:08:36 207] isr        1547 ASR_MSG_AUW,   cloud  
[2017/03/30 22:08:36 207] isr        1559 6400  2  
[2017/03/30 22:08:36 407] isr        1547 ASR_MSG_AUW,   cloud  
[2017/03/30 22:08:36 408] isr        1559 6400  2  
[2017/03/30 22:08:36 608] isr        1547 ASR_MSG_AUW,   cloud  
[2017/03/30 22:08:36 608] isr        1559 6400  2  
[2017/03/30 22:08:36 809] isr        1547 ASR_MSG_AUW,   cloud  
[2017/03/30 22:08:36 809] isr        1559 6400  2  
[2017/03/30 22:08:37 009] isr        1547 ASR_MSG_AUW,   cloud  
[2017/03/30 22:08:37 009] isr        1559 6400  2  
[2017/03/30 22:08:37 210] isr        1547 ASR_MSG_AUW,   cloud  
[2017/03/30 22:08:37 210] isr        1559 6400  2  
[2017/03/30 22:08:37 410] isr        1547 ASR_MSG_AUW,   cloud  
[2017/03/30 22:08:37 410] isr        1559 6400  2  
[2017/03/30 22:08:37 610] isr        1547 ASR_MSG_AUW,   cloud  
[2017/03/30 22:08:37 610] isr        1559 6400  2  
[2017/03/30 22:08:37 810] isr        1547 ASR_MSG_AUW,   cloud  
[2017/03/30 22:08:37 811] isr        1559 6400  2  
[2017/03/30 22:08:38 011] isr        1547 ASR_MSG_AUW,   cloud  
[2017/03/30 22:08:38 011] isr        1559 6400  2  
[2017/03/30 22:08:38 083] isr        662  cloud_rslt_cb status =   0  
[2017/03/30 22:08:38 083] isr        641  process_result call:  cloud  udata(2c036d48) 0  nil  
[2017/03/30 22:08:38 211] isr        1547 ASR_MSG_AUW,   cloud  
[2017/03/30 22:08:38 211] isr        1559 7420  2  
[2017/03/30 22:08:38 411] isr        1547 ASR_MSG_AUW,   cloud  
[2017/03/30 22:08:38 411] isr        1559 0  4  
[2017/03/30 22:08:38 411] isr        1592 aud end, USER  
[2017/03/30 22:08:38 412] isr        1636 ASR_MSG_GRSLT,   cloud  
[2017/03/30 22:08:38 412] isr        1335 0  udata(2c036d48) 0  
[2017/03/30 22:08:38 412] isr        854  [aud] speech end  
[2017/03/30 22:08:38 412] isr        798  3  msc  
[2017/03/30 22:08:38 481] isr        700  cloud_status_cb, eps:  3  
[2017/03/30 22:08:38 481] isr        798  3  cloud  
[2017/03/30 22:08:38 481] isr        800  already speech end  
[2017/03/30 22:08:38 481] isr        662  cloud_rslt_cb status =   5  
[2017/03/30 22:08:38 481] isr        641  process_result call:  cloud  udata(2c036eb8) 5  nil  
[2017/03/30 22:08:38 481] isr        798  3  msc  
[2017/03/30 22:08:38 481] isr        800  already speech end  
[2017/03/30 22:08:38 562] isr        1636 ASR_MSG_GRSLT,   cloud  
[2017/03/30 22:08:38 562] isr        1335 0  udata(2c036eb8) 5  
[2017/03/30 22:08:38 713] isr        1639 ASR_MSG_SSE,   cloud  
[2017/03/30 22:08:38 713] isr        1356 session_end() [in]  
[2017/03/30 22:08:38 713] isr        1421 cloud_session_end() [in]  
[2017/03/30 22:08:38 715] isr        1488 ns_host=  open.xf-yun.com  
[2017/03/30 22:08:38 715] isr        1498 tick()mod=  5662760  
[2017/03/30 22:08:38 715] isr        1499 tick()=  5662760  
[2017/03/30 22:08:38 715] isr        1501 diff=  4715  
[2017/03/30 22:08:38 715] isr        1514 cloud_session_end() [out]  
[2017/03/30 22:08:38 715] isr        1667 isr unload!  
============================================================
Time  2017/03/30 22:12:58 274 
============================================================
[2017/03/30 22:12:58 274] isr        1659 isr loaded!  
[2017/03/30 22:12:58 274] isr        1642 SYS_MSG_REGCB param0 =   msp_status_cb  param1 =   func(6c02caa0) 
[2017/03/30 22:12:58 274] isr        1537 ASR_MSG_SSB  
[2017/03/30 22:12:58 274] isr        1066 session_begin() [in], params:   sub = iat, domain = iat, language = zh_cn, accent = mandarin, sample_rate = 16000, result_type = plain, result_encoding = utf8  nil  
[2017/03/30 22:12:58 274] isr        927  vad_set [in]  
[2017/03/30 22:12:58 274] isr        962  vad_enable :  true  
[2017/03/30 22:12:58 274] isr        980  vad_bos :  10000  
[2017/03/30 22:12:58 274] isr        981  vad_eos :  2000  
[2017/03/30 22:12:58 274] isr        886  enable_vad [in]  
[2017/03/30 22:12:58 275] isr        918  vad enabled!  2000  10000  
[2017/03/30 22:12:58 275] isr        921  enable_vad [out]  
[2017/03/30 22:12:58 275] isr        987  vad_set [out] | ret =  0  
[2017/03/30 22:12:58 275] isr        1187 cur_engine_type =   cloud  
[2017/03/30 22:12:58 275] isr        1001 cloud_session_begin  
[2017/03/30 22:12:58 275] isr        1013 standard  
[2017/03/30 22:12:58 510] isr        1547 ASR_MSG_AUW,   cloud  
[2017/03/30 22:12:58 510] isr        1559 3200  1  
[2017/03/30 22:12:58 511] isr        1569 once_bytes:   3200  
[2017/03/30 22:12:58 511] isr        1547 ASR_MSG_AUW,   cloud  
[2017/03/30 22:12:58 511] isr        1559 3200  2  
[2017/03/30 22:12:58 513] isr        851  [aud] speech start  
[2017/03/30 22:12:58 513] isr        798  1  msc  
[2017/03/30 22:12:58 661] isr        700  cloud_status_cb, eps:  1  
[2017/03/30 22:12:58 661] isr        798  1  cloud  
[2017/03/30 22:12:58 661] isr        813  cloud eps ignored  
[2017/03/30 22:12:58 670] isr        1547 ASR_MSG_AUW,   cloud  
[2017/03/30 22:12:58 670] isr        1559 3200  2  
[2017/03/30 22:12:58 834] isr        1547 ASR_MSG_AUW,   cloud  
[2017/03/30 22:12:58 834] isr        1559 3200  2  
[2017/03/30 22:12:58 835] isr        1547 ASR_MSG_AUW,   cloud  
[2017/03/30 22:12:58 835] isr        1559 3200  2  
[2017/03/30 22:12:58 992] isr        1547 ASR_MSG_AUW,   cloud  
[2017/03/30 22:12:58 992] isr        1559 3200  2  
[2017/03/30 22:12:58 993] isr        1547 ASR_MSG_AUW,   cloud  
[2017/03/30 22:12:58 993] isr        1559 3200  2  
[2017/03/30 22:12:59 156] isr        1547 ASR_MSG_AUW,   cloud  
[2017/03/30 22:12:59 156] isr        1559 3200  2  
[2017/03/30 22:12:59 319] isr        1547 ASR_MSG_AUW,   cloud  
[2017/03/30 22:12:59 319] isr        1559 3200  2  
[2017/03/30 22:12:59 321] isr        1547 ASR_MSG_AUW,   cloud  
[2017/03/30 22:12:59 321] isr        1559 3200  2  
[2017/03/30 22:12:59 483] isr        1547 ASR_MSG_AUW,   cloud  
[2017/03/30 22:12:59 483] isr        1559 3200  2  
[2017/03/30 22:12:59 484] isr        1547 ASR_MSG_AUW,   cloud  
[2017/03/30 22:12:59 484] isr        1559 3200  2  
[2017/03/30 22:12:59 633] isr        1547 ASR_MSG_AUW,   cloud  
[2017/03/30 22:12:59 633] isr        1559 3200  2  
[2017/03/30 22:12:59 796] isr        1547 ASR_MSG_AUW,   cloud  
[2017/03/30 22:12:59 796] isr        1559 3200  2  
[2017/03/30 22:12:59 797] isr        1547 ASR_MSG_AUW,   cloud  
[2017/03/30 22:12:59 797] isr        1559 3200  2  
[2017/03/30 22:12:59 959] isr        1547 ASR_MSG_AUW,   cloud  
[2017/03/30 22:12:59 959] isr        1559 3200  2  
[2017/03/30 22:13:00 123] isr        1547 ASR_MSG_AUW,   cloud  
[2017/03/30 22:13:00 123] isr        1559 3200  2  
[2017/03/30 22:13:00 123] isr        1547 ASR_MSG_AUW,   cloud  
[2017/03/30 22:13:00 123] isr        1559 3200  2  
[2017/03/30 22:13:00 286] isr        1547 ASR_MSG_AUW,   cloud  
[2017/03/30 22:13:00 286] isr        1559 3200  2  
[2017/03/30 22:13:00 287] isr        1547 ASR_MSG_AUW,   cloud  
[2017/03/30 22:13:00 287] isr        1559 3200  2  
[2017/03/30 22:13:00 449] isr        1547 ASR_MSG_AUW,   cloud  
[2017/03/30 22:13:00 449] isr        1559 3200  2  
[2017/03/30 22:13:00 613] isr        1547 ASR_MSG_AUW,   cloud  
[2017/03/30 22:13:00 614] isr        1559 3200  2  
[2017/03/30 22:13:00 615] isr        1547 ASR_MSG_AUW,   cloud  
[2017/03/30 22:13:00 615] isr        1559 3200  2  
[2017/03/30 22:13:00 777] isr        1547 ASR_MSG_AUW,   cloud  
[2017/03/30 22:13:00 777] isr        1559 3200  2  
[2017/03/30 22:13:00 778] isr        1547 ASR_MSG_AUW,   cloud  
[2017/03/30 22:13:00 778] isr        1559 3200  2  
[2017/03/30 22:13:00 913] isr        1547 ASR_MSG_AUW,   cloud  
[2017/03/30 22:13:00 913] isr        1559 3200  2  
[2017/03/30 22:13:01 076] isr        1547 ASR_MSG_AUW,   cloud  
[2017/03/30 22:13:01 076] isr        1559 3200  2  
[2017/03/30 22:13:01 078] isr        1547 ASR_MSG_AUW,   cloud  
[2017/03/30 22:13:01 078] isr        1559 3200  2  
[2017/03/30 22:13:01 239] isr        1547 ASR_MSG_AUW,   cloud  
[2017/03/30 22:13:01 239] isr        1559 3200  2  
[2017/03/30 22:13:01 402] isr        1547 ASR_MSG_AUW,   cloud  
[2017/03/30 22:13:01 402] isr        1559 3200  2  
[2017/03/30 22:13:01 403] isr        1547 ASR_MSG_AUW,   cloud  
[2017/03/30 22:13:01 403] isr        1559 3200  2  
[2017/03/30 22:13:01 565] isr        1547 ASR_MSG_AUW,   cloud  
[2017/03/30 22:13:01 565] isr        1559 3200  2  
[2017/03/30 22:13:01 729] isr        1547 ASR_MSG_AUW,   cloud  
[2017/03/30 22:13:01 729] isr        1559 3200  2  
[2017/03/30 22:13:01 729] isr        1547 ASR_MSG_AUW,   cloud  
[2017/03/30 22:13:01 729] isr        1559 3200  2  
[2017/03/30 22:13:01 892] isr        1547 ASR_MSG_AUW,   cloud  
[2017/03/30 22:13:01 893] isr        1559 3200  2  
[2017/03/30 22:13:01 893] isr        1547 ASR_MSG_AUW,   cloud  
[2017/03/30 22:13:01 893] isr        1559 3200  2  
[2017/03/30 22:13:02 056] isr        1547 ASR_MSG_AUW,   cloud  
[2017/03/30 22:13:02 056] isr        1559 3200  2  
[2017/03/30 22:13:02 220] isr        1547 ASR_MSG_AUW,   cloud  
[2017/03/30 22:13:02 220] isr        1559 3200  2  
[2017/03/30 22:13:02 220] isr        1547 ASR_MSG_AUW,   cloud  
[2017/03/30 22:13:02 220] isr        1559 3200  2  
[2017/03/30 22:13:02 384] isr        1547 ASR_MSG_AUW,   cloud  
[2017/03/30 22:13:02 384] isr        1559 3200  2  
[2017/03/30 22:13:02 384] isr        1547 ASR_MSG_AUW,   cloud  
[2017/03/30 22:13:02 384] isr        1559 3200  2  
[2017/03/30 22:13:02 547] isr        1547 ASR_MSG_AUW,   cloud  
[2017/03/30 22:13:02 547] isr        1559 3200  2  
[2017/03/30 22:13:02 710] isr        1547 ASR_MSG_AUW,   cloud  
[2017/03/30 22:13:02 710] isr        1559 3200  2  
[2017/03/30 22:13:02 711] isr        1547 ASR_MSG_AUW,   cloud  
[2017/03/30 22:13:02 711] isr        1559 3200  2  
[2017/03/30 22:13:02 874] isr        1547 ASR_MSG_AUW,   cloud  
[2017/03/30 22:13:02 874] isr        1559 3200  2  
[2017/03/30 22:13:02 875] isr        1547 ASR_MSG_AUW,   cloud  
[2017/03/30 22:13:02 875] isr        1559 3200  2  
[2017/03/30 22:13:03 038] isr        1547 ASR_MSG_AUW,   cloud  
[2017/03/30 22:13:03 038] isr        1559 3200  2  
[2017/03/30 22:13:03 200] isr        1547 ASR_MSG_AUW,   cloud  
[2017/03/30 22:13:03 200] isr        1559 3200  2  
[2017/03/30 22:13:03 201] isr        1547 ASR_MSG_AUW,   cloud  
[2017/03/30 22:13:03 201] isr        1559 3200  2  
[2017/03/30 22:13:03 364] isr        1547 ASR_MSG_AUW,   cloud  
[2017/03/30 22:13:03 364] isr        1559 3200  2  
[2017/03/30 22:13:03 527] isr        1547 ASR_MSG_AUW,   cloud  
[2017/03/30 22:13:03 527] isr        1559 3200  2  
[2017/03/30 22:13:03 528] isr        1547 ASR_MSG_AUW,   cloud  
[2017/03/30 22:13:03 528] isr        1559 3200  2  
[2017/03/30 22:13:03 690] isr        1547 ASR_MSG_AUW,   cloud  
[2017/03/30 22:13:03 690] isr        1559 3200  2  
[2017/03/30 22:13:03 691] isr        1547 ASR_MSG_AUW,   cloud  
[2017/03/30 22:13:03 691] isr        1559 3200  2  
[2017/03/30 22:13:03 833] isr        1547 ASR_MSG_AUW,   cloud  
[2017/03/30 22:13:03 833] isr        1559 3200  2  
[2017/03/30 22:13:03 996] isr        1547 ASR_MSG_AUW,   cloud  
[2017/03/30 22:13:03 997] isr        1559 3200  2  
[2017/03/30 22:13:03 997] isr        1547 ASR_MSG_AUW,   cloud  
[2017/03/30 22:13:03 997] isr        1559 3200  2  
[2017/03/30 22:13:04 160] isr        1547 ASR_MSG_AUW,   cloud  
[2017/03/30 22:13:04 160] isr        1559 3200  2  
[2017/03/30 22:13:04 323] isr        1547 ASR_MSG_AUW,   cloud  
[2017/03/30 22:13:04 323] isr        1559 3200  2  
[2017/03/30 22:13:04 324] isr        1547 ASR_MSG_AUW,   cloud  
[2017/03/30 22:13:04 324] isr        1559 3200  2  
[2017/03/30 22:13:04 487] isr        1547 ASR_MSG_AUW,   cloud  
[2017/03/30 22:13:04 487] isr        1559 3200  2  
[2017/03/30 22:13:04 488] isr        1547 ASR_MSG_AUW,   cloud  
[2017/03/30 22:13:04 488] isr        1559 3200  2  
[2017/03/30 22:13:04 649] isr        1547 ASR_MSG_AUW,   cloud  
[2017/03/30 22:13:04 649] isr        1559 3200  2  
[2017/03/30 22:13:04 813] isr        1547 ASR_MSG_AUW,   cloud  
[2017/03/30 22:13:04 813] isr        1559 3200  2  
[2017/03/30 22:13:04 814] isr        1547 ASR_MSG_AUW,   cloud  
[2017/03/30 22:13:04 814] isr        1559 3200  2  
[2017/03/30 22:13:04 814] isr        854  [aud] speech end  
[2017/03/30 22:13:04 814] isr        798  3  msc  
[2017/03/30 22:13:04 814] isr        864  aud end, MSC VAD  
[2017/03/30 22:13:04 953] isr        700  cloud_status_cb, eps:  3  
[2017/03/30 22:13:04 953] isr        798  3  cloud  
[2017/03/30 22:13:04 953] isr        800  already speech end  
[2017/03/30 22:13:04 955] isr        662  cloud_rslt_cb status =   5  
[2017/03/30 22:13:04 955] isr        641  process_result call:  cloud  nil  5  nil  
[2017/03/30 22:13:04 955] isr        798  3  msc  
[2017/03/30 22:13:04 955] isr        800  already speech end  
[2017/03/30 22:13:04 976] isr        1547 ASR_MSG_AUW,   cloud  
[2017/03/30 22:13:04 976] isr        1559 3200  2  
[2017/03/30 22:13:04 977] isr        1636 ASR_MSG_GRSLT,   cloud  
[2017/03/30 22:13:04 977] isr        1335 0  nil  5  
[2017/03/30 22:13:05 078] isr        1639 ASR_MSG_SSE,   cloud  
[2017/03/30 22:13:05 078] isr        1356 session_end() [in]  
[2017/03/30 22:13:05 078] isr        1421 cloud_session_end() [in]  
[2017/03/30 22:13:05 079] isr        1488 ns_host=  open.xf-yun.com  
[2017/03/30 22:13:05 079] isr        1498 tick()mod=  5929124  
[2017/03/30 22:13:05 080] isr        1499 tick()=  5929125  
[2017/03/30 22:13:05 080] isr        1501 diff=  6606  
[2017/03/30 22:13:05 080] isr        1514 cloud_session_end() [out]  
[2017/03/30 22:13:05 080] isr        1667 isr unload!  
